<?xml version="1.0" encoding="UTF-8"?>
<testsuite xmlns:xsi="http://www.w3.org/2001/XMLSchema-instance" xsi:noNamespaceSchemaLocation="https://maven.apache.org/surefire/maven-surefire-plugin/xsd/surefire-test-report.xsd" version="3.0.2" name="com.bank_of_cli.service.BankServiceImplTest" time="1.057" tests="14" errors="0" skipped="0" failures="0">
  <properties>
[...]
</properties>
  <testcase name="getTransactionHistoryRejectsMissingAccount" classname="com.bank_of_cli.service.BankServiceImplTest" time="0.959"/>
  <testcase name="depositAddsFunds" classname="com.bank_of_cli.service.BankServiceImplTest" time="0.023"/>
  <testcase name="transferMovesFundsBetweenAccounts" classname="com.bank_of_cli.service.BankServiceImplTest" time="0.0"/>
  <testcase name="loginRejectsIncorrectPin" classname="com.bank_of_cli.service.BankServiceImplTest" time="0.004"/>
  <testcase name="getBalanceRejectsMissingAccount" classname="com.bank_of_cli.service.BankServiceImplTest" time="0.0"/>
  <testcase name="registerAddsNewAccount" classname="com.bank_of_cli.service.BankServiceImplTest" time="0.0"/>
  <testcase name="transferRejectsSameAccount" classname="com.bank_of_cli.service.BankServiceImplTest" time="0.005"/>
  <testcase name="getBalanceReturnsCurrentBalance" classname="com.bank_of_cli.service.BankServiceImplTest" time="0.002"/>
  <testcase name="registerRejectsDuplicateAccount" classname="com.bank_of_cli.service.BankServiceImplTest" time="0.003"/>
  <testcase name="depositRejectsNonPositiveAmount" classname="com.bank_of_cli.service.BankServiceImplTest" time="0.002"/>
  <testcase name="getTransactionHistoryReturnsRepositoryResults" classname="com.bank_of_cli.service.BankServiceImplTest" time="0.002"/>
  <testcase name="loginReturnsAccountWithCorrectPin" classname="com.bank_of_cli.service.BankServiceImplTest" time="0.0"/>
  <testcase name="withdrawRejectsOverdraft" classname="com.bank_of_cli.service.BankServiceImplTest" time="0.004"/>
  <testcase name="withdrawRemovesFunds" classname="com.bank_of_cli.service.BankServiceImplTest" time="0.001"/>
</testsuite>